============================= test session starts ==============================
platform linux -- Python 3.12.3, pytest-8.4.2, pluggy-1.6.0 -- /home/silver/windows_project/.venv/bin/python
cachedir: .pytest_cache
rootdir: /home/silver/windows_project
configfile: pytest.ini
plugins: cov-7.0.0
collecting ... collected 32 items

tests/test_config.py::test_parse_time_hh_mm PASSED                       [  3%]
tests/test_config.py::test_parse_time_hh_mm_ss PASSED                    [  6%]
tests/test_config.py::test_parse_time_with_whitespace PASSED             [  9%]
tests/test_config.py::test_load_rule_yaml PASSED                         [ 12%]
tests/test_config.py::test_shift_config_check_in_range PASSED            [ 15%]
tests/test_config.py::test_shift_config_display_names PASSED             [ 18%]
tests/test_processor.py::test_filter_valid_status PASSED                 [ 21%]
tests/test_processor.py::test_filter_valid_users PASSED                  [ 25%]
tests/test_processor.py::test_burst_detection FAILED                     [ 28%]
tests/test_processor.py::test_shift_classification FAILED                [ 31%]
tests/test_processor.py::test_find_first_in FAILED                       [ 34%]
tests/test_processor.py::test_find_first_in_no_match FAILED              [ 37%]
tests/test_processor.py::test_detect_breaks_normal FAILED                [ 40%]
tests/test_processor.py::test_detect_breaks_single_before_midpoint FAILED [ 43%]
tests/test_processor.py::test_detect_breaks_single_after_midpoint FAILED [ 46%]
tests/test_processor.py::test_detect_breaks_no_swipes FAILED             [ 50%]
tests/test_processor.py::test_detect_breaks_multiple_swipes FAILED       [ 53%]
tests/test_processor.py::test_time_in_range_normal PASSED                [ 56%]
tests/test_processor.py::test_time_in_range_midnight_spanning PASSED     [ 59%]
tests/test_real_data.py::test_real_data_processing SKIPPED (Input fi...) [ 62%]
tests/test_real_data.py::test_night_shift_integrity SKIPPED (Input f...) [ 65%]
tests/test_real_data.py::test_gap_based_break_detection SKIPPED (Inp...) [ 68%]
tests/test_real_data.py::test_burst_consolidation SKIPPED (Input fil...) [ 71%]
tests/test_scenarios.py::test_scenario_1_normal_day_shift FAILED         [ 75%]
tests/test_scenarios.py::test_scenario_2_burst_with_breaks FAILED        [ 78%]
tests/test_scenarios.py::test_scenario_3_late_break_after_midpoint FAILED [ 81%]
tests/test_scenarios.py::test_scenario_4_night_shift_crossing_midnight FAILED [ 84%]
tests/test_scenarios.py::test_scenario_5_single_swipe_before_midpoint FAILED [ 87%]
tests/test_scenarios.py::test_scenario_6_no_break_taken FAILED           [ 90%]
tests/test_scenarios.py::test_edge_case_overlapping_windows FAILED       [ 93%]
tests/test_scenarios.py::test_edge_case_multiple_breaks FAILED           [ 96%]
tests/test_scenarios.py::test_edge_case_burst_spanning_break FAILED      [100%]

=================================== FAILURES ===================================
_____________________________ test_burst_detection _____________________________
.venv/lib/python3.12/site-packages/pandas/core/indexes/base.py:3812: in get_loc
    return self._engine.get_loc(casted_key)
           ^^^^^^^^^^^^^^^^^^^^^^^^^^^^^^^^
pandas/_libs/index.pyx:167: in pandas._libs.index.IndexEngine.get_loc
    ???
pandas/_libs/index.pyx:196: in pandas._libs.index.IndexEngine.get_loc
    ???
pandas/_libs/hashtable_class_helper.pxi:7088: in pandas._libs.hashtable.PyObjectHashTable.get_item
    ???
pandas/_libs/hashtable_class_helper.pxi:7096: in pandas._libs.hashtable.PyObjectHashTable.get_item
    ???
E   KeyError: 'timestamp'

The above exception was the direct cause of the following exception:
/home/silver/project1/tests/test_processor.py:72: in test_burst_detection
    ???
.venv/lib/python3.12/site-packages/pandas/core/series.py:1133: in __getitem__
    return self._get_value(key)
           ^^^^^^^^^^^^^^^^^^^^
.venv/lib/python3.12/site-packages/pandas/core/series.py:1249: in _get_value
    loc = self.index.get_loc(label)
          ^^^^^^^^^^^^^^^^^^^^^^^^^
.venv/lib/python3.12/site-packages/pandas/core/indexes/base.py:3819: in get_loc
    raise KeyError(key) from err
E   KeyError: 'timestamp'
__________________________ test_shift_classification ___________________________
/home/silver/project1/tests/test_processor.py:92: in test_shift_classification
    ???
E   AttributeError: 'AttendanceProcessor' object has no attribute '_classify_shifts'
______________________________ test_find_first_in ______________________________
/home/silver/project1/tests/test_processor.py:122: in test_find_first_in
    ???
E   AttributeError: 'AttendanceProcessor' object has no attribute '_find_first_in'. Did you mean: '_find_check_in'?
_________________________ test_find_first_in_no_match __________________________
/home/silver/project1/tests/test_processor.py:140: in test_find_first_in_no_match
    ???
E   AttributeError: 'AttendanceProcessor' object has no attribute '_find_first_in'. Did you mean: '_find_check_in'?
__________________________ test_detect_breaks_normal ___________________________
.venv/lib/python3.12/site-packages/pandas/core/indexes/base.py:3812: in get_loc
    return self._engine.get_loc(casted_key)
           ^^^^^^^^^^^^^^^^^^^^^^^^^^^^^^^^
pandas/_libs/index.pyx:167: in pandas._libs.index.IndexEngine.get_loc
    ???
pandas/_libs/index.pyx:196: in pandas._libs.index.IndexEngine.get_loc
    ???
pandas/_libs/hashtable_class_helper.pxi:7088: in pandas._libs.hashtable.PyObjectHashTable.get_item
    ???
pandas/_libs/hashtable_class_helper.pxi:7096: in pandas._libs.hashtable.PyObjectHashTable.get_item
    ???
E   KeyError: 'time_start'

The above exception was the direct cause of the following exception:
/home/silver/project1/tests/test_processor.py:158: in test_detect_breaks_normal
    ???
processor.py:367: in _detect_breaks
    group['time_start'],
    ^^^^^^^^^^^^^^^^^^^
.venv/lib/python3.12/site-packages/pandas/core/frame.py:4113: in __getitem__
    indexer = self.columns.get_loc(key)
              ^^^^^^^^^^^^^^^^^^^^^^^^^
.venv/lib/python3.12/site-packages/pandas/core/indexes/base.py:3819: in get_loc
    raise KeyError(key) from err
E   KeyError: 'time_start'
__________________ test_detect_breaks_single_before_midpoint ___________________
.venv/lib/python3.12/site-packages/pandas/core/indexes/base.py:3812: in get_loc
    return self._engine.get_loc(casted_key)
           ^^^^^^^^^^^^^^^^^^^^^^^^^^^^^^^^
pandas/_libs/index.pyx:167: in pandas._libs.index.IndexEngine.get_loc
    ???
pandas/_libs/index.pyx:196: in pandas._libs.index.IndexEngine.get_loc
    ???
pandas/_libs/hashtable_class_helper.pxi:7088: in pandas._libs.hashtable.PyObjectHashTable.get_item
    ???
pandas/_libs/hashtable_class_helper.pxi:7096: in pandas._libs.hashtable.PyObjectHashTable.get_item
    ???
E   KeyError: 'time_start'

The above exception was the direct cause of the following exception:
/home/silver/project1/tests/test_processor.py:173: in test_detect_breaks_single_before_midpoint
    ???
processor.py:367: in _detect_breaks
    group['time_start'],
    ^^^^^^^^^^^^^^^^^^^
.venv/lib/python3.12/site-packages/pandas/core/frame.py:4113: in __getitem__
    indexer = self.columns.get_loc(key)
              ^^^^^^^^^^^^^^^^^^^^^^^^^
.venv/lib/python3.12/site-packages/pandas/core/indexes/base.py:3819: in get_loc
    raise KeyError(key) from err
E   KeyError: 'time_start'
___________________ test_detect_breaks_single_after_midpoint ___________________
.venv/lib/python3.12/site-packages/pandas/core/indexes/base.py:3812: in get_loc
    return self._engine.get_loc(casted_key)
           ^^^^^^^^^^^^^^^^^^^^^^^^^^^^^^^^
pandas/_libs/index.pyx:167: in pandas._libs.index.IndexEngine.get_loc
    ???
pandas/_libs/index.pyx:196: in pandas._libs.index.IndexEngine.get_loc
    ???
pandas/_libs/hashtable_class_helper.pxi:7088: in pandas._libs.hashtable.PyObjectHashTable.get_item
    ???
pandas/_libs/hashtable_class_helper.pxi:7096: in pandas._libs.hashtable.PyObjectHashTable.get_item
    ???
E   KeyError: 'time_start'

The above exception was the direct cause of the following exception:
/home/silver/project1/tests/test_processor.py:188: in test_detect_breaks_single_after_midpoint
    ???
processor.py:367: in _detect_breaks
    group['time_start'],
    ^^^^^^^^^^^^^^^^^^^
.venv/lib/python3.12/site-packages/pandas/core/frame.py:4113: in __getitem__
    indexer = self.columns.get_loc(key)
              ^^^^^^^^^^^^^^^^^^^^^^^^^
.venv/lib/python3.12/site-packages/pandas/core/indexes/base.py:3819: in get_loc
    raise KeyError(key) from err
E   KeyError: 'time_start'
_________________________ test_detect_breaks_no_swipes _________________________
.venv/lib/python3.12/site-packages/pandas/core/indexes/base.py:3812: in get_loc
    return self._engine.get_loc(casted_key)
           ^^^^^^^^^^^^^^^^^^^^^^^^^^^^^^^^
pandas/_libs/index.pyx:167: in pandas._libs.index.IndexEngine.get_loc
    ???
pandas/_libs/index.pyx:196: in pandas._libs.index.IndexEngine.get_loc
    ???
pandas/_libs/hashtable_class_helper.pxi:7088: in pandas._libs.hashtable.PyObjectHashTable.get_item
    ???
pandas/_libs/hashtable_class_helper.pxi:7096: in pandas._libs.hashtable.PyObjectHashTable.get_item
    ???
E   KeyError: 'time_start'

The above exception was the direct cause of the following exception:
/home/silver/project1/tests/test_processor.py:206: in test_detect_breaks_no_swipes
    ???
processor.py:367: in _detect_breaks
    group['time_start'],
    ^^^^^^^^^^^^^^^^^^^
.venv/lib/python3.12/site-packages/pandas/core/frame.py:4113: in __getitem__
    indexer = self.columns.get_loc(key)
              ^^^^^^^^^^^^^^^^^^^^^^^^^
.venv/lib/python3.12/site-packages/pandas/core/indexes/base.py:3819: in get_loc
    raise KeyError(key) from err
E   KeyError: 'time_start'
______________________ test_detect_breaks_multiple_swipes ______________________
.venv/lib/python3.12/site-packages/pandas/core/indexes/base.py:3812: in get_loc
    return self._engine.get_loc(casted_key)
           ^^^^^^^^^^^^^^^^^^^^^^^^^^^^^^^^
pandas/_libs/index.pyx:167: in pandas._libs.index.IndexEngine.get_loc
    ???
pandas/_libs/index.pyx:196: in pandas._libs.index.IndexEngine.get_loc
    ???
pandas/_libs/hashtable_class_helper.pxi:7088: in pandas._libs.hashtable.PyObjectHashTable.get_item
    ???
pandas/_libs/hashtable_class_helper.pxi:7096: in pandas._libs.hashtable.PyObjectHashTable.get_item
    ???
E   KeyError: 'time_start'

The above exception was the direct cause of the following exception:
/home/silver/project1/tests/test_processor.py:226: in test_detect_breaks_multiple_swipes
    ???
processor.py:367: in _detect_breaks
    group['time_start'],
    ^^^^^^^^^^^^^^^^^^^
.venv/lib/python3.12/site-packages/pandas/core/frame.py:4113: in __getitem__
    indexer = self.columns.get_loc(key)
              ^^^^^^^^^^^^^^^^^^^^^^^^^
.venv/lib/python3.12/site-packages/pandas/core/indexes/base.py:3819: in get_loc
    raise KeyError(key) from err
E   KeyError: 'time_start'
_______________________ test_scenario_1_normal_day_shift _______________________
.venv/lib/python3.12/site-packages/pandas/core/indexes/base.py:3812: in get_loc
    return self._engine.get_loc(casted_key)
           ^^^^^^^^^^^^^^^^^^^^^^^^^^^^^^^^
pandas/_libs/index.pyx:167: in pandas._libs.index.IndexEngine.get_loc
    ???
pandas/_libs/index.pyx:196: in pandas._libs.index.IndexEngine.get_loc
    ???
pandas/_libs/hashtable_class_helper.pxi:7088: in pandas._libs.hashtable.PyObjectHashTable.get_item
    ???
pandas/_libs/hashtable_class_helper.pxi:7096: in pandas._libs.hashtable.PyObjectHashTable.get_item
    ???
E   KeyError: 'First In'

The above exception was the direct cause of the following exception:
../project_clean/tests/test_scenarios.py:55: in test_scenario_1_normal_day_shift
    assert row['First In'] == '05:55:00'
           ^^^^^^^^^^^^^^^
.venv/lib/python3.12/site-packages/pandas/core/series.py:1133: in __getitem__
    return self._get_value(key)
           ^^^^^^^^^^^^^^^^^^^^
.venv/lib/python3.12/site-packages/pandas/core/series.py:1249: in _get_value
    loc = self.index.get_loc(label)
          ^^^^^^^^^^^^^^^^^^^^^^^^^
.venv/lib/python3.12/site-packages/pandas/core/indexes/base.py:3819: in get_loc
    raise KeyError(key) from err
E   KeyError: 'First In'
______________________ test_scenario_2_burst_with_breaks _______________________
.venv/lib/python3.12/site-packages/pandas/core/indexes/base.py:3812: in get_loc
    return self._engine.get_loc(casted_key)
           ^^^^^^^^^^^^^^^^^^^^^^^^^^^^^^^^
pandas/_libs/index.pyx:167: in pandas._libs.index.IndexEngine.get_loc
    ???
pandas/_libs/index.pyx:196: in pandas._libs.index.IndexEngine.get_loc
    ???
pandas/_libs/hashtable_class_helper.pxi:7088: in pandas._libs.hashtable.PyObjectHashTable.get_item
    ???
pandas/_libs/hashtable_class_helper.pxi:7096: in pandas._libs.hashtable.PyObjectHashTable.get_item
    ???
E   KeyError: 'First In'

The above exception was the direct cause of the following exception:
../project_clean/tests/test_scenarios.py:101: in test_scenario_2_burst_with_breaks
    assert row['First In'] == '05:55:00'
           ^^^^^^^^^^^^^^^
.venv/lib/python3.12/site-packages/pandas/core/series.py:1133: in __getitem__
    return self._get_value(key)
           ^^^^^^^^^^^^^^^^^^^^
.venv/lib/python3.12/site-packages/pandas/core/series.py:1249: in _get_value
    loc = self.index.get_loc(label)
          ^^^^^^^^^^^^^^^^^^^^^^^^^
.venv/lib/python3.12/site-packages/pandas/core/indexes/base.py:3819: in get_loc
    raise KeyError(key) from err
E   KeyError: 'First In'
__________________ test_scenario_3_late_break_after_midpoint ___________________
.venv/lib/python3.12/site-packages/pandas/core/indexes/base.py:3812: in get_loc
    return self._engine.get_loc(casted_key)
           ^^^^^^^^^^^^^^^^^^^^^^^^^^^^^^^^
pandas/_libs/index.pyx:167: in pandas._libs.index.IndexEngine.get_loc
    ???
pandas/_libs/index.pyx:196: in pandas._libs.index.IndexEngine.get_loc
    ???
pandas/_libs/hashtable_class_helper.pxi:7088: in pandas._libs.hashtable.PyObjectHashTable.get_item
    ???
pandas/_libs/hashtable_class_helper.pxi:7096: in pandas._libs.hashtable.PyObjectHashTable.get_item
    ???
E   KeyError: 'First In'

The above exception was the direct cause of the following exception:
../project_clean/tests/test_scenarios.py:138: in test_scenario_3_late_break_after_midpoint
    assert row['First In'] == '06:00:00'
           ^^^^^^^^^^^^^^^
.venv/lib/python3.12/site-packages/pandas/core/series.py:1133: in __getitem__
    return self._get_value(key)
           ^^^^^^^^^^^^^^^^^^^^
.venv/lib/python3.12/site-packages/pandas/core/series.py:1249: in _get_value
    loc = self.index.get_loc(label)
          ^^^^^^^^^^^^^^^^^^^^^^^^^
.venv/lib/python3.12/site-packages/pandas/core/indexes/base.py:3819: in get_loc
    raise KeyError(key) from err
E   KeyError: 'First In'
________________ test_scenario_4_night_shift_crossing_midnight _________________
.venv/lib/python3.12/site-packages/pandas/core/indexes/base.py:3812: in get_loc
    return self._engine.get_loc(casted_key)
           ^^^^^^^^^^^^^^^^^^^^^^^^^^^^^^^^
pandas/_libs/index.pyx:167: in pandas._libs.index.IndexEngine.get_loc
    ???
pandas/_libs/index.pyx:196: in pandas._libs.index.IndexEngine.get_loc
    ???
pandas/_libs/hashtable_class_helper.pxi:7088: in pandas._libs.hashtable.PyObjectHashTable.get_item
    ???
pandas/_libs/hashtable_class_helper.pxi:7096: in pandas._libs.hashtable.PyObjectHashTable.get_item
    ???
E   KeyError: 'First In'

The above exception was the direct cause of the following exception:
../project_clean/tests/test_scenarios.py:196: in test_scenario_4_night_shift_crossing_midnight
    assert row['First In'] == '21:55:28'
           ^^^^^^^^^^^^^^^
.venv/lib/python3.12/site-packages/pandas/core/series.py:1133: in __getitem__
    return self._get_value(key)
           ^^^^^^^^^^^^^^^^^^^^
.venv/lib/python3.12/site-packages/pandas/core/series.py:1249: in _get_value
    loc = self.index.get_loc(label)
          ^^^^^^^^^^^^^^^^^^^^^^^^^
.venv/lib/python3.12/site-packages/pandas/core/indexes/base.py:3819: in get_loc
    raise KeyError(key) from err
E   KeyError: 'First In'
_________________ test_scenario_5_single_swipe_before_midpoint _________________
.venv/lib/python3.12/site-packages/pandas/core/indexes/base.py:3812: in get_loc
    return self._engine.get_loc(casted_key)
           ^^^^^^^^^^^^^^^^^^^^^^^^^^^^^^^^
pandas/_libs/index.pyx:167: in pandas._libs.index.IndexEngine.get_loc
    ???
pandas/_libs/index.pyx:196: in pandas._libs.index.IndexEngine.get_loc
    ???
pandas/_libs/hashtable_class_helper.pxi:7088: in pandas._libs.hashtable.PyObjectHashTable.get_item
    ???
pandas/_libs/hashtable_class_helper.pxi:7096: in pandas._libs.hashtable.PyObjectHashTable.get_item
    ???
E   KeyError: 'First In'

The above exception was the direct cause of the following exception:
../project_clean/tests/test_scenarios.py:233: in test_scenario_5_single_swipe_before_midpoint
    assert row['First In'] == '06:00:00'
           ^^^^^^^^^^^^^^^
.venv/lib/python3.12/site-packages/pandas/core/series.py:1133: in __getitem__
    return self._get_value(key)
           ^^^^^^^^^^^^^^^^^^^^
.venv/lib/python3.12/site-packages/pandas/core/series.py:1249: in _get_value
    loc = self.index.get_loc(label)
          ^^^^^^^^^^^^^^^^^^^^^^^^^
.venv/lib/python3.12/site-packages/pandas/core/indexes/base.py:3819: in get_loc
    raise KeyError(key) from err
E   KeyError: 'First In'
________________________ test_scenario_6_no_break_taken ________________________
.venv/lib/python3.12/site-packages/pandas/core/indexes/base.py:3812: in get_loc
    return self._engine.get_loc(casted_key)
           ^^^^^^^^^^^^^^^^^^^^^^^^^^^^^^^^
pandas/_libs/index.pyx:167: in pandas._libs.index.IndexEngine.get_loc
    ???
pandas/_libs/index.pyx:196: in pandas._libs.index.IndexEngine.get_loc
    ???
pandas/_libs/hashtable_class_helper.pxi:7088: in pandas._libs.hashtable.PyObjectHashTable.get_item
    ???
pandas/_libs/hashtable_class_helper.pxi:7096: in pandas._libs.hashtable.PyObjectHashTable.get_item
    ???
E   KeyError: 'First In'

The above exception was the direct cause of the following exception:
../project_clean/tests/test_scenarios.py:270: in test_scenario_6_no_break_taken
    assert row['First In'] == '06:00:00'
           ^^^^^^^^^^^^^^^
.venv/lib/python3.12/site-packages/pandas/core/series.py:1133: in __getitem__
    return self._get_value(key)
           ^^^^^^^^^^^^^^^^^^^^
.venv/lib/python3.12/site-packages/pandas/core/series.py:1249: in _get_value
    loc = self.index.get_loc(label)
          ^^^^^^^^^^^^^^^^^^^^^^^^^
.venv/lib/python3.12/site-packages/pandas/core/indexes/base.py:3819: in get_loc
    raise KeyError(key) from err
E   KeyError: 'First In'
______________________ test_edge_case_overlapping_windows ______________________
.venv/lib/python3.12/site-packages/pandas/core/indexes/base.py:3812: in get_loc
    return self._engine.get_loc(casted_key)
           ^^^^^^^^^^^^^^^^^^^^^^^^^^^^^^^^
pandas/_libs/index.pyx:167: in pandas._libs.index.IndexEngine.get_loc
    ???
pandas/_libs/index.pyx:196: in pandas._libs.index.IndexEngine.get_loc
    ???
pandas/_libs/hashtable_class_helper.pxi:7088: in pandas._libs.hashtable.PyObjectHashTable.get_item
    ???
pandas/_libs/hashtable_class_helper.pxi:7096: in pandas._libs.hashtable.PyObjectHashTable.get_item
    ???
E   KeyError: 'Last Out'

The above exception was the direct cause of the following exception:
../project_clean/tests/test_scenarios.py:310: in test_edge_case_overlapping_windows
    assert result.iloc[0]['Last Out'] == '22:00:00'
           ^^^^^^^^^^^^^^^^^^^^^^^^^^
.venv/lib/python3.12/site-packages/pandas/core/series.py:1133: in __getitem__
    return self._get_value(key)
           ^^^^^^^^^^^^^^^^^^^^
.venv/lib/python3.12/site-packages/pandas/core/series.py:1249: in _get_value
    loc = self.index.get_loc(label)
          ^^^^^^^^^^^^^^^^^^^^^^^^^
.venv/lib/python3.12/site-packages/pandas/core/indexes/base.py:3819: in get_loc
    raise KeyError(key) from err
E   KeyError: 'Last Out'
________________________ test_edge_case_multiple_breaks ________________________
.venv/lib/python3.12/site-packages/pandas/core/indexes/base.py:3812: in get_loc
    return self._engine.get_loc(casted_key)
           ^^^^^^^^^^^^^^^^^^^^^^^^^^^^^^^^
pandas/_libs/index.pyx:167: in pandas._libs.index.IndexEngine.get_loc
    ???
pandas/_libs/index.pyx:196: in pandas._libs.index.IndexEngine.get_loc
    ???
pandas/_libs/hashtable_class_helper.pxi:7088: in pandas._libs.hashtable.PyObjectHashTable.get_item
    ???
pandas/_libs/hashtable_class_helper.pxi:7096: in pandas._libs.hashtable.PyObjectHashTable.get_item
    ???
E   KeyError: 'Break Out'

The above exception was the direct cause of the following exception:
../project_clean/tests/test_scenarios.py:346: in test_edge_case_multiple_breaks
    assert row['Break Out'] == '09:55:00'
           ^^^^^^^^^^^^^^^^
.venv/lib/python3.12/site-packages/pandas/core/series.py:1133: in __getitem__
    return self._get_value(key)
           ^^^^^^^^^^^^^^^^^^^^
.venv/lib/python3.12/site-packages/pandas/core/series.py:1249: in _get_value
    loc = self.index.get_loc(label)
          ^^^^^^^^^^^^^^^^^^^^^^^^^
.venv/lib/python3.12/site-packages/pandas/core/indexes/base.py:3819: in get_loc
    raise KeyError(key) from err
E   KeyError: 'Break Out'
_____________________ test_edge_case_burst_spanning_break ______________________
.venv/lib/python3.12/site-packages/pandas/core/indexes/base.py:3812: in get_loc
    return self._engine.get_loc(casted_key)
           ^^^^^^^^^^^^^^^^^^^^^^^^^^^^^^^^
pandas/_libs/index.pyx:167: in pandas._libs.index.IndexEngine.get_loc
    ???
pandas/_libs/index.pyx:196: in pandas._libs.index.IndexEngine.get_loc
    ???
pandas/_libs/hashtable_class_helper.pxi:7088: in pandas._libs.hashtable.PyObjectHashTable.get_item
    ???
pandas/_libs/hashtable_class_helper.pxi:7096: in pandas._libs.hashtable.PyObjectHashTable.get_item
    ???
E   KeyError: 'Break Out'

The above exception was the direct cause of the following exception:
../project_clean/tests/test_scenarios.py:385: in test_edge_case_burst_spanning_break
    assert row['Break Out'] == '10:14:00'
           ^^^^^^^^^^^^^^^^
.venv/lib/python3.12/site-packages/pandas/core/series.py:1133: in __getitem__
    return self._get_value(key)
           ^^^^^^^^^^^^^^^^^^^^
.venv/lib/python3.12/site-packages/pandas/core/series.py:1249: in _get_value
    loc = self.index.get_loc(label)
          ^^^^^^^^^^^^^^^^^^^^^^^^^
.venv/lib/python3.12/site-packages/pandas/core/indexes/base.py:3819: in get_loc
    raise KeyError(key) from err
E   KeyError: 'Break Out'
=============================== warnings summary ===============================
tests/test_processor.py::test_filter_valid_status
  /home/silver/project1/tests/test_processor.py:27: FutureWarning: 'H' is deprecated and will be removed in a future version, please use 'h' instead.

tests/test_processor.py::test_filter_valid_users
  /home/silver/project1/tests/test_processor.py:40: FutureWarning: 'H' is deprecated and will be removed in a future version, please use 'h' instead.

-- Docs: https://docs.pytest.org/en/stable/how-to/capture-warnings.html
=========================== short test summary info ============================
FAILED tests/test_processor.py::test_burst_detection - KeyError: 'timestamp'
FAILED tests/test_processor.py::test_shift_classification - AttributeError: '...
FAILED tests/test_processor.py::test_find_first_in - AttributeError: 'Attenda...
FAILED tests/test_processor.py::test_find_first_in_no_match - AttributeError:...
FAILED tests/test_processor.py::test_detect_breaks_normal - KeyError: 'time_s...
FAILED tests/test_processor.py::test_detect_breaks_single_before_midpoint - K...
FAILED tests/test_processor.py::test_detect_breaks_single_after_midpoint - Ke...
FAILED tests/test_processor.py::test_detect_breaks_no_swipes - KeyError: 'tim...
FAILED tests/test_processor.py::test_detect_breaks_multiple_swipes - KeyError...
FAILED tests/test_scenarios.py::test_scenario_1_normal_day_shift - KeyError: ...
FAILED tests/test_scenarios.py::test_scenario_2_burst_with_breaks - KeyError:...
FAILED tests/test_scenarios.py::test_scenario_3_late_break_after_midpoint - K...
FAILED tests/test_scenarios.py::test_scenario_4_night_shift_crossing_midnight
FAILED tests/test_scenarios.py::test_scenario_5_single_swipe_before_midpoint
FAILED tests/test_scenarios.py::test_scenario_6_no_break_taken - KeyError: 'F...
FAILED tests/test_scenarios.py::test_edge_case_overlapping_windows - KeyError...
FAILED tests/test_scenarios.py::test_edge_case_multiple_breaks - KeyError: 'B...
FAILED tests/test_scenarios.py::test_edge_case_burst_spanning_break - KeyErro...
============= 18 failed, 10 passed, 4 skipped, 2 warnings in 3.30s =============
